# JRE version: OpenJDK Runtime Environment (17.0.11) (build 17.0.11+0--11852314)
# Java VM: OpenJDK 64-Bit Server VM (17.0.11+0--11852314, mixed mode, tiered, compressed oops, compressed class ptrs, g1 gc, windows-amd64)
GC Precious Log:
 CPUs: 8 total, 8 available
 Memory: 14274M
 Large Page Support: Disabled
 NUMA Support: Disabled
 Compressed Oops: Enabled (32-bit)
 Heap Region Size: 1M
 Heap Min Capacity: 8M
 Heap Initial Capacity: 224M
 Heap Max Capacity: 2G
 Pre-touch: Disabled
 Parallel Workers: 8
 Concurrent Workers: 2
 Concurrent Refinement Workers: 8
 Periodic GC: Disabled
Heap:
 garbage-first heap   total 456704K, used 330603K [0x0000000080000000, 0x0000000100000000)
  region size 1024K, 1 young (1024K), 1 survivors (1024K)
 Metaspace       used 171779K, committed 172864K, reserved 1245184K
  class space    used 22974K, committed 23488K, reserved 1048576K
GC Heap History (20 events):
Event: 5935.705 GC heap after
{Heap after GC invocations=91 (full 0):
 garbage-first heap   total 456704K, used 273271K [0x0000000080000000, 0x0000000100000000)
  region size 1024K, 3 young (3072K), 3 survivors (3072K)
 Metaspace       used 171140K, committed 172160K, reserved 1245184K
  class space    used 22940K, committed 23424K, reserved 1048576K
}
Event: 5935.980 GC heap before
{Heap before GC invocations=91 (full 0):
 garbage-first heap   total 456704K, used 396151K [0x0000000080000000, 0x0000000100000000)
  region size 1024K, 123 young (125952K), 3 survivors (3072K)
 Metaspace       used 171203K, committed 172224K, reserved 1245184K
  class space    used 22940K, committed 23424K, reserved 1048576K
}
Event: 5935.986 GC heap after
{Heap after GC invocations=92 (full 0):
 garbage-first heap   total 456704K, used 273874K [0x0000000080000000, 0x0000000100000000)
  region size 1024K, 4 young (4096K), 4 survivors (4096K)
 Metaspace       used 171203K, committed 172224K, reserved 1245184K
  class space    used 22940K, committed 23424K, reserved 1048576K
}
Event: 5936.363 GC heap before
{Heap before GC invocations=92 (full 0):
 garbage-first heap   total 456704K, used 396754K [0x0000000080000000, 0x0000000100000000)
  region size 1024K, 125 young (128000K), 4 survivors (4096K)
 Metaspace       used 171360K, committed 172416K, reserved 1245184K
  class space    used 22942K, committed 23424K, reserved 1048576K
}
Event: 5936.368 GC heap after
{Heap after GC invocations=93 (full 0):
 garbage-first heap   total 456704K, used 273922K [0x0000000080000000, 0x0000000100000000)
  region size 1024K, 4 young (4096K), 4 survivors (4096K)
 Metaspace       used 171360K, committed 172416K, reserved 1245184K
  class space    used 22942K, committed 23424K, reserved 1048576K
}
Event: 5936.782 GC heap before
{Heap before GC invocations=93 (full 0):
 garbage-first heap   total 456704K, used 399874K [0x0000000080000000, 0x0000000100000000)
  region size 1024K, 127 young (130048K), 4 survivors (4096K)
 Metaspace       used 171416K, committed 172480K, reserved 1245184K
  class space    used 22944K, committed 23488K, reserved 1048576K
}
Event: 5936.788 GC heap after
{Heap after GC invocations=94 (full 0):
 garbage-first heap   total 456704K, used 274342K [0x0000000080000000, 0x0000000100000000)
  region size 1024K, 4 young (4096K), 4 survivors (4096K)
 Metaspace       used 171416K, committed 172480K, reserved 1245184K
  class space    used 22944K, committed 23488K, reserved 1048576K
}
Event: 5937.025 GC heap before
{Heap before GC invocations=94 (full 0):
 garbage-first heap   total 456704K, used 402342K [0x0000000080000000, 0x0000000100000000)
  region size 1024K, 129 young (132096K), 4 survivors (4096K)
 Metaspace       used 171447K, committed 172544K, reserved 1245184K
  class space    used 22946K, committed 23488K, reserved 1048576K
}
Event: 5937.030 GC heap after
{Heap after GC invocations=95 (full 0):
 garbage-first heap   total 456704K, used 274837K [0x0000000080000000, 0x0000000100000000)
  region size 1024K, 5 young (5120K), 5 survivors (5120K)
 Metaspace       used 171447K, committed 172544K, reserved 1245184K
  class space    used 22946K, committed 23488K, reserved 1048576K
}
Event: 5937.457 GC heap before
{Heap before GC invocations=95 (full 0):
 garbage-first heap   total 456704K, used 406933K [0x0000000080000000, 0x0000000100000000)
  region size 1024K, 130 young (133120K), 5 survivors (5120K)
 Metaspace       used 171637K, committed 172736K, reserved 1245184K
  class space    used 22959K, committed 23488K, reserved 1048576K
}
Event: 5937.463 GC heap after
{Heap after GC invocations=96 (full 0):
 garbage-first heap   total 456704K, used 284728K [0x0000000080000000, 0x0000000100000000)
  region size 1024K, 14 young (14336K), 14 survivors (14336K)
 Metaspace       used 171637K, committed 172736K, reserved 1245184K
  class space    used 22959K, committed 23488K, reserved 1048576K
}
Event: 5937.694 GC heap before
{Heap before GC invocations=96 (full 0):
 garbage-first heap   total 456704K, used 392248K [0x0000000080000000, 0x0000000100000000)
  region size 1024K, 120 young (122880K), 14 survivors (14336K)
 Metaspace       used 171665K, committed 172736K, reserved 1245184K
  class space    used 22959K, committed 23488K, reserved 1048576K
}
Event: 5937.720 GC heap after
{Heap after GC invocations=97 (full 0):
 garbage-first heap   total 456704K, used 304426K [0x0000000080000000, 0x0000000100000000)
  region size 1024K, 15 young (15360K), 15 survivors (15360K)
 Metaspace       used 171665K, committed 172736K, reserved 1245184K
  class space    used 22959K, committed 23488K, reserved 1048576K
}
Event: 5937.958 GC heap before
{Heap before GC invocations=97 (full 0):
 garbage-first heap   total 456704K, used 383274K [0x0000000080000000, 0x0000000100000000)
  region size 1024K, 92 young (94208K), 15 survivors (15360K)
 Metaspace       used 171699K, committed 172736K, reserved 1245184K
  class space    used 22964K, committed 23488K, reserved 1048576K
}
Event: 5937.983 GC heap after
{Heap after GC invocations=98 (full 0):
 garbage-first heap   total 456704K, used 318321K [0x0000000080000000, 0x0000000100000000)
  region size 1024K, 12 young (12288K), 12 survivors (12288K)
 Metaspace       used 171699K, committed 172736K, reserved 1245184K
  class space    used 22964K, committed 23488K, reserved 1048576K
}
Event: 5938.189 GC heap before
{Heap before GC invocations=98 (full 0):
 garbage-first heap   total 456704K, used 383857K [0x0000000080000000, 0x0000000100000000)
  region size 1024K, 76 young (77824K), 12 survivors (12288K)
 Metaspace       used 171730K, committed 172800K, reserved 1245184K
  class space    used 22966K, committed 23488K, reserved 1048576K
}
Event: 5938.211 GC heap after
{Heap after GC invocations=99 (full 0):
 garbage-first heap   total 456704K, used 330007K [0x0000000080000000, 0x0000000100000000)
  region size 1024K, 10 young (10240K), 10 survivors (10240K)
 Metaspace       used 171730K, committed 172800K, reserved 1245184K
  class space    used 22966K, committed 23488K, reserved 1048576K
}
Event: 5938.423 GC heap before
{Heap before GC invocations=99 (full 0):
 garbage-first heap   total 456704K, used 386327K [0x0000000080000000, 0x0000000100000000)
  region size 1024K, 65 young (66560K), 10 survivors (10240K)
 Metaspace       used 171763K, committed 172800K, reserved 1245184K
  class space    used 22970K, committed 23488K, reserved 1048576K
}
Event: 5938.431 GC heap after
{Heap after GC invocations=100 (full 0):
 garbage-first heap   total 456704K, used 331181K [0x0000000080000000, 0x0000000100000000)
  region size 1024K, 2 young (2048K), 2 survivors (2048K)
 Metaspace       used 171763K, committed 172800K, reserved 1245184K
  class space    used 22970K, committed 23488K, reserved 1048576K
}
Event: 5938.636 GC heap before
{Heap before GC invocations=100 (full 0):
 garbage-first heap   total 456704K, used 389549K [0x0000000080000000, 0x0000000100000000)
  region size 1024K, 59 young (60416K), 2 survivors (2048K)
 Metaspace       used 171779K, committed 172864K, reserved 1245184K
  class space    used 22974K, committed 23488K, reserved 1048576K
}

