# JRE version: OpenJDK Runtime Environment (17.0.11) (build 17.0.11+0--11852314)
# Java VM: OpenJDK 64-Bit Server VM (17.0.11+0--11852314, mixed mode, tiered, compressed oops, compressed class ptrs, g1 gc, windows-amd64)
GC Precious Log:
 CPUs: 8 total, 8 available
 Memory: 14274M
 Large Page Support: Disabled
 NUMA Support: Disabled
 Compressed Oops: Enabled (32-bit)
 Heap Region Size: 1M
 Heap Min Capacity: 8M
 Heap Initial Capacity: 224M
 Heap Max Capacity: 2G
 Pre-touch: Disabled
 Parallel Workers: 8
 Concurrent Workers: 2
 Concurrent Refinement Workers: 8
 Periodic GC: Disabled
Heap:
 garbage-first heap   total 471040K, used 308238K [0x0000000080000000, 0x0000000100000000)
  region size 1024K, 5 young (5120K), 5 survivors (5120K)
 Metaspace       used 123146K, committed 123968K, reserved 1179648K
  class space    used 16614K, committed 17024K, reserved 1048576K
GC Heap History (20 events):
Event: 33.731 GC heap after
{Heap after GC invocations=59 (full 0):
 garbage-first heap   total 425984K, used 205352K [0x0000000080000000, 0x0000000100000000)
  region size 1024K, 9 young (9216K), 9 survivors (9216K)
 Metaspace       used 119535K, committed 120384K, reserved 1179648K
  class space    used 16156K, committed 16576K, reserved 1048576K
}
Event: 34.595 GC heap before
{Heap before GC invocations=59 (full 0):
 garbage-first heap   total 425984K, used 372264K [0x0000000080000000, 0x0000000100000000)
  region size 1024K, 172 young (176128K), 9 survivors (9216K)
 Metaspace       used 119536K, committed 120384K, reserved 1179648K
  class space    used 16156K, committed 16576K, reserved 1048576K
}
Event: 34.606 GC heap after
{Heap after GC invocations=60 (full 0):
 garbage-first heap   total 425984K, used 206023K [0x0000000080000000, 0x0000000100000000)
  region size 1024K, 10 young (10240K), 10 survivors (10240K)
 Metaspace       used 119536K, committed 120384K, reserved 1179648K
  class space    used 16156K, committed 16576K, reserved 1048576K
}
Event: 35.560 GC heap before
{Heap before GC invocations=60 (full 0):
 garbage-first heap   total 425984K, used 370887K [0x0000000080000000, 0x0000000100000000)
  region size 1024K, 171 young (175104K), 10 survivors (10240K)
 Metaspace       used 119553K, committed 120384K, reserved 1179648K
  class space    used 16156K, committed 16576K, reserved 1048576K
}
Event: 35.574 GC heap after
{Heap after GC invocations=61 (full 0):
 garbage-first heap   total 425984K, used 209922K [0x0000000080000000, 0x0000000100000000)
  region size 1024K, 13 young (13312K), 13 survivors (13312K)
 Metaspace       used 119553K, committed 120384K, reserved 1179648K
  class space    used 16156K, committed 16576K, reserved 1048576K
}
Event: 36.142 GC heap before
{Heap before GC invocations=61 (full 0):
 garbage-first heap   total 425984K, used 259074K [0x0000000080000000, 0x0000000100000000)
  region size 1024K, 55 young (56320K), 13 survivors (13312K)
 Metaspace       used 119621K, committed 120448K, reserved 1179648K
  class space    used 16161K, committed 16576K, reserved 1048576K
}
Event: 36.153 GC heap after
{Heap after GC invocations=62 (full 0):
 garbage-first heap   total 425984K, used 203699K [0x0000000080000000, 0x0000000100000000)
  region size 1024K, 7 young (7168K), 7 survivors (7168K)
 Metaspace       used 119621K, committed 120448K, reserved 1179648K
  class space    used 16161K, committed 16576K, reserved 1048576K
}
Event: 37.146 GC heap before
{Heap before GC invocations=63 (full 0):
 garbage-first heap   total 425984K, used 398259K [0x0000000080000000, 0x0000000100000000)
  region size 1024K, 174 young (178176K), 7 survivors (7168K)
 Metaspace       used 120594K, committed 121408K, reserved 1179648K
  class space    used 16318K, committed 16704K, reserved 1048576K
}
Event: 37.214 GC heap after
{Heap after GC invocations=64 (full 0):
 garbage-first heap   total 471040K, used 275036K [0x0000000080000000, 0x0000000100000000)
  region size 1024K, 22 young (22528K), 22 survivors (22528K)
 Metaspace       used 120594K, committed 121408K, reserved 1179648K
  class space    used 16318K, committed 16704K, reserved 1048576K
}
Event: 37.216 GC heap before
{Heap before GC invocations=64 (full 0):
 garbage-first heap   total 471040K, used 276060K [0x0000000080000000, 0x0000000100000000)
  region size 1024K, 23 young (23552K), 22 survivors (22528K)
 Metaspace       used 120594K, committed 121408K, reserved 1179648K
  class space    used 16318K, committed 16704K, reserved 1048576K
}
Event: 37.250 GC heap after
{Heap after GC invocations=65 (full 0):
 garbage-first heap   total 471040K, used 238297K [0x0000000080000000, 0x0000000100000000)
  region size 1024K, 3 young (3072K), 3 survivors (3072K)
 Metaspace       used 120594K, committed 121408K, reserved 1179648K
  class space    used 16318K, committed 16704K, reserved 1048576K
}
Event: 37.295 GC heap before
{Heap before GC invocations=65 (full 0):
 garbage-first heap   total 471040K, used 257753K [0x0000000080000000, 0x0000000100000000)
  region size 1024K, 23 young (23552K), 3 survivors (3072K)
 Metaspace       used 120594K, committed 121408K, reserved 1179648K
  class space    used 16318K, committed 16704K, reserved 1048576K
}
Event: 37.309 GC heap after
{Heap after GC invocations=66 (full 0):
 garbage-first heap   total 471040K, used 236544K [0x0000000080000000, 0x0000000100000000)
  region size 1024K, 3 young (3072K), 3 survivors (3072K)
 Metaspace       used 120594K, committed 121408K, reserved 1179648K
  class space    used 16318K, committed 16704K, reserved 1048576K
}
Event: 38.126 GC heap before
{Heap before GC invocations=66 (full 0):
 garbage-first heap   total 471040K, used 358400K [0x0000000080000000, 0x0000000100000000)
  region size 1024K, 120 young (122880K), 3 survivors (3072K)
 Metaspace       used 120812K, committed 121664K, reserved 1179648K
  class space    used 16327K, committed 16704K, reserved 1048576K
}
Event: 38.152 GC heap after
{Heap after GC invocations=67 (full 0):
 garbage-first heap   total 471040K, used 256764K [0x0000000080000000, 0x0000000100000000)
  region size 1024K, 15 young (15360K), 15 survivors (15360K)
 Metaspace       used 120812K, committed 121664K, reserved 1179648K
  class space    used 16327K, committed 16704K, reserved 1048576K
}
Event: 39.338 GC heap before
{Heap before GC invocations=67 (full 0):
 garbage-first heap   total 471040K, used 381692K [0x0000000080000000, 0x0000000100000000)
  region size 1024K, 121 young (123904K), 15 survivors (15360K)
 Metaspace       used 120925K, committed 121728K, reserved 1179648K
  class space    used 16333K, committed 16704K, reserved 1048576K
}
Event: 39.360 GC heap after
{Heap after GC invocations=68 (full 0):
 garbage-first heap   total 471040K, used 280617K [0x0000000080000000, 0x0000000100000000)
  region size 1024K, 9 young (9216K), 9 survivors (9216K)
 Metaspace       used 120925K, committed 121728K, reserved 1179648K
  class space    used 16333K, committed 16704K, reserved 1048576K
}
Event: 39.966 GC heap before
{Heap before GC invocations=68 (full 0):
 garbage-first heap   total 471040K, used 399401K [0x0000000080000000, 0x0000000100000000)
  region size 1024K, 104 young (106496K), 9 survivors (9216K)
 Metaspace       used 120981K, committed 121792K, reserved 1179648K
  class space    used 16333K, committed 16704K, reserved 1048576K
}
Event: 39.991 GC heap after
{Heap after GC invocations=69 (full 0):
 garbage-first heap   total 471040K, used 313968K [0x0000000080000000, 0x0000000100000000)
  region size 1024K, 13 young (13312K), 13 survivors (13312K)
 Metaspace       used 120981K, committed 121792K, reserved 1179648K
  class space    used 16333K, committed 16704K, reserved 1048576K
}
Event: 92.209 GC heap before
{Heap before GC invocations=69 (full 0):
 garbage-first heap   total 471040K, used 385648K [0x0000000080000000, 0x0000000100000000)
  region size 1024K, 83 young (84992K), 13 survivors (13312K)
 Metaspace       used 123146K, committed 123968K, reserved 1179648K
  class space    used 16614K, committed 17024K, reserved 1048576K
}

