# JRE version: OpenJDK Runtime Environment (17.0.11) (build 17.0.11+0--11852314)
# Java VM: OpenJDK 64-Bit Server VM (17.0.11+0--11852314, mixed mode, tiered, compressed oops, compressed class ptrs, g1 gc, windows-amd64)
GC Precious Log:
 CPUs: 8 total, 8 available
 Memory: 14274M
 Large Page Support: Disabled
 NUMA Support: Disabled
 Compressed Oops: Enabled (32-bit)
 Heap Region Size: 1M
 Heap Min Capacity: 8M
 Heap Initial Capacity: 224M
 Heap Max Capacity: 2G
 Pre-touch: Disabled
 Parallel Workers: 8
 Concurrent Workers: 2
 Concurrent Refinement Workers: 8
 Periodic GC: Disabled
Heap:
 garbage-first heap   total 367616K, used 141751K [0x0000000080000000, 0x0000000100000000)
  region size 1024K, 5 young (5120K), 5 survivors (5120K)
 Metaspace       used 111117K, committed 112000K, reserved 1179648K
  class space    used 14821K, committed 15232K, reserved 1048576K
GC Heap History (20 events):
Event: 18.154 GC heap after
{Heap after GC invocations=35 (full 0):
 garbage-first heap   total 217088K, used 119765K [0x0000000080000000, 0x0000000100000000)
  region size 1024K, 1 young (1024K), 1 survivors (1024K)
 Metaspace       used 94924K, committed 95680K, reserved 1179648K
  class space    used 12978K, committed 13312K, reserved 1048576K
}
Event: 18.300 GC heap before
{Heap before GC invocations=35 (full 0):
 garbage-first heap   total 217088K, used 128981K [0x0000000080000000, 0x0000000100000000)
  region size 1024K, 11 young (11264K), 1 survivors (1024K)
 Metaspace       used 94953K, committed 95680K, reserved 1179648K
  class space    used 12982K, committed 13312K, reserved 1048576K
}
Event: 18.305 GC heap after
{Heap after GC invocations=36 (full 0):
 garbage-first heap   total 367616K, used 126272K [0x0000000080000000, 0x0000000100000000)
  region size 1024K, 6 young (6144K), 6 survivors (6144K)
 Metaspace       used 94953K, committed 95680K, reserved 1179648K
  class space    used 12982K, committed 13312K, reserved 1048576K
}
Event: 19.252 GC heap before
{Heap before GC invocations=37 (full 0):
 garbage-first heap   total 367616K, used 274752K [0x0000000080000000, 0x0000000100000000)
  region size 1024K, 123 young (125952K), 6 survivors (6144K)
 Metaspace       used 98991K, committed 99712K, reserved 1179648K
  class space    used 13361K, committed 13696K, reserved 1048576K
}
Event: 19.283 GC heap after
{Heap after GC invocations=38 (full 0):
 garbage-first heap   total 367616K, used 137123K [0x0000000080000000, 0x0000000100000000)
  region size 1024K, 16 young (16384K), 16 survivors (16384K)
 Metaspace       used 98991K, committed 99712K, reserved 1179648K
  class space    used 13361K, committed 13696K, reserved 1048576K
}
Event: 19.286 GC heap before
{Heap before GC invocations=38 (full 0):
 garbage-first heap   total 367616K, used 138147K [0x0000000080000000, 0x0000000100000000)
  region size 1024K, 17 young (17408K), 16 survivors (16384K)
 Metaspace       used 98991K, committed 99712K, reserved 1179648K
  class space    used 13361K, committed 13696K, reserved 1048576K
}
Event: 19.295 GC heap after
{Heap after GC invocations=39 (full 0):
 garbage-first heap   total 367616K, used 138156K [0x0000000080000000, 0x0000000100000000)
  region size 1024K, 2 young (2048K), 2 survivors (2048K)
 Metaspace       used 98991K, committed 99712K, reserved 1179648K
  class space    used 13361K, committed 13696K, reserved 1048576K
}
Event: 20.331 GC heap before
{Heap before GC invocations=39 (full 0):
 garbage-first heap   total 367616K, used 258988K [0x0000000080000000, 0x0000000100000000)
  region size 1024K, 121 young (123904K), 2 survivors (2048K)
 Metaspace       used 101287K, committed 102016K, reserved 1179648K
  class space    used 13615K, committed 13952K, reserved 1048576K
}
Event: 20.337 GC heap after
{Heap after GC invocations=40 (full 0):
 garbage-first heap   total 367616K, used 140700K [0x0000000080000000, 0x0000000100000000)
  region size 1024K, 5 young (5120K), 5 survivors (5120K)
 Metaspace       used 101287K, committed 102016K, reserved 1179648K
  class space    used 13615K, committed 13952K, reserved 1048576K
}
Event: 22.937 GC heap before
{Heap before GC invocations=41 (full 0):
 garbage-first heap   total 367616K, used 256412K [0x0000000080000000, 0x0000000100000000)
  region size 1024K, 135 young (138240K), 5 survivors (5120K)
 Metaspace       used 106037K, committed 106880K, reserved 1179648K
  class space    used 14241K, committed 14656K, reserved 1048576K
}
Event: 22.949 GC heap after
{Heap after GC invocations=42 (full 0):
 garbage-first heap   total 367616K, used 132901K [0x0000000080000000, 0x0000000100000000)
  region size 1024K, 13 young (13312K), 13 survivors (13312K)
 Metaspace       used 106037K, committed 106880K, reserved 1179648K
  class space    used 14241K, committed 14656K, reserved 1048576K
}
Event: 22.980 GC heap before
{Heap before GC invocations=42 (full 0):
 garbage-first heap   total 367616K, used 136997K [0x0000000080000000, 0x0000000100000000)
  region size 1024K, 17 young (17408K), 13 survivors (13312K)
 Metaspace       used 106048K, committed 106880K, reserved 1179648K
  class space    used 14241K, committed 14656K, reserved 1048576K
}
Event: 22.991 GC heap after
{Heap after GC invocations=43 (full 0):
 garbage-first heap   total 367616K, used 117340K [0x0000000080000000, 0x0000000100000000)
  region size 1024K, 3 young (3072K), 3 survivors (3072K)
 Metaspace       used 106048K, committed 106880K, reserved 1179648K
  class space    used 14241K, committed 14656K, reserved 1048576K
}
Event: 23.689 GC heap before
{Heap before GC invocations=43 (full 0):
 garbage-first heap   total 367616K, used 174684K [0x0000000080000000, 0x0000000100000000)
  region size 1024K, 61 young (62464K), 3 survivors (3072K)
 Metaspace       used 108235K, committed 109056K, reserved 1179648K
  class space    used 14515K, committed 14912K, reserved 1048576K
}
Event: 23.695 GC heap after
{Heap after GC invocations=44 (full 0):
 garbage-first heap   total 367616K, used 119734K [0x0000000080000000, 0x0000000100000000)
  region size 1024K, 6 young (6144K), 6 survivors (6144K)
 Metaspace       used 108235K, committed 109056K, reserved 1179648K
  class space    used 14515K, committed 14912K, reserved 1048576K
}
Event: 1045.770 GC heap before
{Heap before GC invocations=45 (full 0):
 garbage-first heap   total 367616K, used 283574K [0x0000000080000000, 0x0000000100000000)
  region size 1024K, 142 young (145408K), 6 survivors (6144K)
 Metaspace       used 111096K, committed 111936K, reserved 1179648K
  class space    used 14821K, committed 15232K, reserved 1048576K
}
Event: 1045.786 GC heap after
{Heap after GC invocations=46 (full 0):
 garbage-first heap   total 367616K, used 143487K [0x0000000080000000, 0x0000000100000000)
  region size 1024K, 18 young (18432K), 18 survivors (18432K)
 Metaspace       used 111096K, committed 111936K, reserved 1179648K
  class space    used 14821K, committed 15232K, reserved 1048576K
}
Event: 1045.806 GC heap before
{Heap before GC invocations=46 (full 0):
 garbage-first heap   total 367616K, used 144511K [0x0000000080000000, 0x0000000100000000)
  region size 1024K, 19 young (19456K), 18 survivors (18432K)
 Metaspace       used 111100K, committed 111936K, reserved 1179648K
  class space    used 14821K, committed 15232K, reserved 1048576K
}
Event: 1045.817 GC heap after
{Heap after GC invocations=47 (full 0):
 garbage-first heap   total 367616K, used 139639K [0x0000000080000000, 0x0000000100000000)
  region size 1024K, 3 young (3072K), 3 survivors (3072K)
 Metaspace       used 111100K, committed 111936K, reserved 1179648K
  class space    used 14821K, committed 15232K, reserved 1048576K
}
Event: 1045.884 GC heap before
{Heap before GC invocations=47 (full 0):
 garbage-first heap   total 367616K, used 142711K [0x0000000080000000, 0x0000000100000000)
  region size 1024K, 8 young (8192K), 3 survivors (3072K)
 Metaspace       used 111117K, committed 112000K, reserved 1179648K
  class space    used 14821K, committed 15232K, reserved 1048576K
}

